# JRE version: OpenJDK Runtime Environment (7.0_51) (build 1.7.0_51-b00)
# Java VM: OpenJDK 64-Bit Server VM (24.45-b08 mixed mode linux-amd64 compressed oops)
Heap
 PSYoungGen      total 62464K, used 18593K [0x00000000f5500000, 0x00000000f9300000, 0x0000000100000000)
  eden space 61952K, 30% used [0x00000000f5500000,0x00000000f6728620,0x00000000f9180000)
  from space 512K, 0% used [0x00000000f9280000,0x00000000f9280000,0x00000000f9300000)
  to   space 512K, 96% used [0x00000000f9200000,0x00000000f927c138,0x00000000f9280000)
 ParOldGen       total 48128K, used 35343K [0x00000000e0000000, 0x00000000e2f00000, 0x00000000f5500000)
  object space 48128K, 73% used [0x00000000e0000000,0x00000000e2283c08,0x00000000e2f00000)
 PSPermGen       total 65536K, used 65478K [0x00000000d0000000, 0x00000000d4000000, 0x00000000e0000000)
  object space 65536K, 99% used [0x00000000d0000000,0x00000000d3ff1a70,0x00000000d4000000)
GC Heap History (10 events):
Event: 75171.268 GC heap after
Heap after GC invocations=2210 (full 1100):
 PSYoungGen      total 62464K, used 0K [0x00000000f5500000, 0x00000000f9300000, 0x0000000100000000)
  eden space 61952K, 0% used [0x00000000f5500000,0x00000000f5500000,0x00000000f9180000)
  from space 512K, 0% used [0x00000000f9280000,0x00000000f9280000,0x00000000f9300000)
  to   space 512K, 0% used [0x00000000f9200000,0x00000000f9200000,0x00000000f9280000)
 ParOldGen       total 48128K, used 33966K [0x00000000e0000000, 0x00000000e2f00000, 0x00000000f5500000)
  object space 48128K, 70% used [0x00000000e0000000,0x00000000e212b908,0x00000000e2f00000)
 PSPermGen       total 64512K, used 64129K [0x00000000d0000000, 0x00000000d3f00000, 0x00000000e0000000)
  object space 64512K, 99% used [0x00000000d0000000,0x00000000d3ea0680,0x00000000d3f00000)
}
Event: 75231.158 GC heap before
{Heap before GC invocations=2211 (full 1100):
 PSYoungGen      total 62464K, used 1234K [0x00000000f5500000, 0x00000000f9300000, 0x0000000100000000)
  eden space 61952K, 1% used [0x00000000f5500000,0x00000000f5634910,0x00000000f9180000)
  from space 512K, 0% used [0x00000000f9280000,0x00000000f9280000,0x00000000f9300000)
  to   space 512K, 0% used [0x00000000f9200000,0x00000000f9200000,0x00000000f9280000)
 ParOldGen       total 48128K, used 33966K [0x00000000e0000000, 0x00000000e2f00000, 0x00000000f5500000)
  object space 48128K, 70% used [0x00000000e0000000,0x00000000e212b908,0x00000000e2f00000)
 PSPermGen       total 64512K, used 64129K [0x00000000d0000000, 0x00000000d3f00000, 0x00000000e0000000)
  object space 64512K, 99% used [0x00000000d0000000,0x00000000d3ea0680,0x00000000d3f00000)
Event: 75231.162 GC heap after
Heap after GC invocations=2211 (full 1100):
 PSYoungGen      total 62464K, used 64K [0x00000000f5500000, 0x00000000f9300000, 0x0000000100000000)
  eden space 61952K, 0% used [0x00000000f5500000,0x00000000f5500000,0x00000000f9180000)
  from space 512K, 12% used [0x00000000f9200000,0x00000000f9210000,0x00000000f9280000)
  to   space 512K, 0% used [0x00000000f9280000,0x00000000f9280000,0x00000000f9300000)
 ParOldGen       total 48128K, used 33966K [0x00000000e0000000, 0x00000000e2f00000, 0x00000000f5500000)
  object space 48128K, 70% used [0x00000000e0000000,0x00000000e212b908,0x00000000e2f00000)
 PSPermGen       total 64512K, used 64129K [0x00000000d0000000, 0x00000000d3f00000, 0x00000000e0000000)
  object space 64512K, 99% used [0x00000000d0000000,0x00000000d3ea0680,0x00000000d3f00000)
}
Event: 75231.162 GC heap before
{Heap before GC invocations=2212 (full 1101):
 PSYoungGen      total 62464K, used 64K [0x00000000f5500000, 0x00000000f9300000, 0x0000000100000000)
  eden space 61952K, 0% used [0x00000000f5500000,0x00000000f5500000,0x00000000f9180000)
  from space 512K, 12% used [0x00000000f9200000,0x00000000f9210000,0x00000000f9280000)
  to   space 512K, 0% used [0x00000000f9280000,0x00000000f9280000,0x00000000f9300000)
 ParOldGen       total 48128K, used 33966K [0x00000000e0000000, 0x00000000e2f00000, 0x00000000f5500000)
  object space 48128K, 70% used [0x00000000e0000000,0x00000000e212b908,0x00000000e2f00000)
 PSPermGen       total 64512K, used 64129K [0x00000000d0000000, 0x00000000d3f00000, 0x00000000e0000000)
  object space 64512K, 99% used [0x00000000d0000000,0x00000000d3ea0680,0x00000000d3f00000)
Event: 75231.267 GC heap after
Heap after GC invocations=2212 (full 1101):
 PSYoungGen      total 62464K, used 0K [0x00000000f5500000, 0x00000000f9300000, 0x0000000100000000)
  eden space 61952K, 0% used [0x00000000f5500000,0x00000000f5500000,0x00000000f9180000)
  from space 512K, 0% used [0x00000000f9200000,0x00000000f9200000,0x00000000f9280000)
  to   space 512K, 0% used [0x00000000f9280000,0x00000000f9280000,0x00000000f9300000)
 ParOldGen       total 48128K, used 33966K [0x00000000e0000000, 0x00000000e2f00000, 0x00000000f5500000)
  object space 48128K, 70% used [0x00000000e0000000,0x00000000e212b908,0x00000000e2f00000)
 PSPermGen       total 64512K, used 64129K [0x00000000d0000000, 0x00000000d3f00000, 0x00000000e0000000)
  object space 64512K, 99% used [0x00000000d0000000,0x00000000d3ea0680,0x00000000d3f00000)
}
Event: 75291.268 GC heap before
{Heap before GC invocations=2213 (full 1101):
 PSYoungGen      total 62464K, used 1234K [0x00000000f5500000, 0x00000000f9300000, 0x0000000100000000)
  eden space 61952K, 1% used [0x00000000f5500000,0x00000000f5634910,0x00000000f9180000)
  from space 512K, 0% used [0x00000000f9200000,0x00000000f9200000,0x00000000f9280000)
  to   space 512K, 0% used [0x00000000f9280000,0x00000000f9280000,0x00000000f9300000)
 ParOldGen       total 48128K, used 33966K [0x00000000e0000000, 0x00000000e2f00000, 0x00000000f5500000)
  object space 48128K, 70% used [0x00000000e0000000,0x00000000e212b908,0x00000000e2f00000)
 PSPermGen       total 64512K, used 64129K [0x00000000d0000000, 0x00000000d3f00000, 0x00000000e0000000)
  object space 64512K, 99% used [0x00000000d0000000,0x00000000d3ea0680,0x00000000d3f00000)
Event: 75291.271 GC heap after
Heap after GC invocations=2213 (full 1101):
 PSYoungGen      total 62464K, used 64K [0x00000000f5500000, 0x00000000f9300000, 0x0000000100000000)
  eden space 61952K, 0% used [0x00000000f5500000,0x00000000f5500000,0x00000000f9180000)
  from space 512K, 12% used [0x00000000f9280000,0x00000000f9290000,0x00000000f9300000)
  to   space 512K, 0% used [0x00000000f9200000,0x00000000f9200000,0x00000000f9280000)
 ParOldGen       total 48128K, used 33966K [0x00000000e0000000, 0x00000000e2f00000, 0x00000000f5500000)
  object space 48128K, 70% used [0x00000000e0000000,0x00000000e212b908,0x00000000e2f00000)
 PSPermGen       total 64512K, used 64129K [0x00000000d0000000, 0x00000000d3f00000, 0x00000000e0000000)
  object space 64512K, 99% used [0x00000000d0000000,0x00000000d3ea0680,0x00000000d3f00000)
}
Event: 75291.271 GC heap before
{Heap before GC invocations=2214 (full 1102):
 PSYoungGen      total 62464K, used 64K [0x00000000f5500000, 0x00000000f9300000, 0x0000000100000000)
  eden space 61952K, 0% used [0x00000000f5500000,0x00000000f5500000,0x00000000f9180000)
  from space 512K, 12% used [0x00000000f9280000,0x00000000f9290000,0x00000000f9300000)
  to   space 512K, 0% used [0x00000000f9200000,0x00000000f9200000,0x00000000f9280000)
 ParOldGen       total 48128K, used 33966K [0x00000000e0000000, 0x00000000e2f00000, 0x00000000f5500000)
  object space 48128K, 70% used [0x00000000e0000000,0x00000000e212b908,0x00000000e2f00000)
 PSPermGen       total 64512K, used 64129K [0x00000000d0000000, 0x00000000d3f00000, 0x00000000e0000000)
  object space 64512K, 99% used [0x00000000d0000000,0x00000000d3ea0680,0x00000000d3f00000)
Event: 75291.380 GC heap after
Heap after GC invocations=2214 (full 1102):
 PSYoungGen      total 62464K, used 0K [0x00000000f5500000, 0x00000000f9300000, 0x0000000100000000)
  eden space 61952K, 0% used [0x00000000f5500000,0x00000000f5500000,0x00000000f9180000)
  from space 512K, 0% used [0x00000000f9280000,0x00000000f9280000,0x00000000f9300000)
  to   space 512K, 0% used [0x00000000f9200000,0x00000000f9200000,0x00000000f9280000)
 ParOldGen       total 48128K, used 33966K [0x00000000e0000000, 0x00000000e2f00000, 0x00000000f5500000)
  object space 48128K, 70% used [0x00000000e0000000,0x00000000e212b908,0x00000000e2f00000)
 PSPermGen       total 64512K, used 64129K [0x00000000d0000000, 0x00000000d3f00000, 0x00000000e0000000)
  object space 64512K, 99% used [0x00000000d0000000,0x00000000d3ea0680,0x00000000d3f00000)
}
Event: 75354.659 GC heap before
{Heap before GC invocations=2215 (full 1102):
 PSYoungGen      total 62464K, used 18593K [0x00000000f5500000, 0x00000000f9300000, 0x0000000100000000)
  eden space 61952K, 30% used [0x00000000f5500000,0x00000000f6728620,0x00000000f9180000)
  from space 512K, 0% used [0x00000000f9280000,0x00000000f9280000,0x00000000f9300000)
  to   space 512K, 0% used [0x00000000f9200000,0x00000000f9200000,0x00000000f9280000)
 ParOldGen       total 48128K, used 33966K [0x00000000e0000000, 0x00000000e2f00000, 0x00000000f5500000)
  object space 48128K, 70% used [0x00000000e0000000,0x00000000e212b908,0x00000000e2f00000)
 PSPermGen       total 65536K, used 65478K [0x00000000d0000000, 0x00000000d4000000, 0x00000000e0000000)
  object space 65536K, 99% used [0x00000000d0000000,0x00000000d3ff1a70,0x00000000d4000000)

