# JRE version: OpenJDK Runtime Environment (7.0_51) (build 1.7.0_51-b00)
# Java VM: OpenJDK 64-Bit Server VM (24.45-b08 mixed mode linux-amd64 compressed oops)
Heap
 PSYoungGen      total 84992K, used 48646K [0x00000000f5500000, 0x00000000fd180000, 0x0000000100000000)
  eden space 59904K, 39% used [0x00000000f5500000,0x00000000f6c053a8,0x00000000f8f80000)
  from space 25088K, 99% used [0x00000000f8f80000,0x00000000fa7fc490,0x00000000fa800000)
  to   space 28672K, 0% used [0x00000000fb580000,0x00000000fb580000,0x00000000fd180000)
 ParOldGen       total 72192K, used 35462K [0x00000000e0000000, 0x00000000e4680000, 0x00000000f5500000)
  object space 72192K, 49% used [0x00000000e0000000,0x00000000e22a18a8,0x00000000e4680000)
 PSPermGen       total 93696K, used 67116K [0x00000000d0000000, 0x00000000d5b80000, 0x00000000e0000000)
  object space 93696K, 71% used [0x00000000d0000000,0x00000000d418b248,0x00000000d5b80000)
GC Heap History (10 events):
Event: 8.793 GC heap before
{Heap before GC invocations=13 (full 2):
 PSYoungGen      total 65024K, used 18566K [0x00000000f5500000, 0x00000000fbb00000, 0x0000000100000000)
  eden space 40960K, 0% used [0x00000000f5500000,0x00000000f5500000,0x00000000f7d00000)
  from space 24064K, 77% used [0x00000000f7d00000,0x00000000f8f21a58,0x00000000f9480000)
  to   space 25600K, 0% used [0x00000000fa200000,0x00000000fa200000,0x00000000fbb00000)
 ParOldGen       total 45568K, used 40980K [0x00000000e0000000, 0x00000000e2c80000, 0x00000000f5500000)
  object space 45568K, 89% used [0x00000000e0000000,0x00000000e2805160,0x00000000e2c80000)
 PSPermGen       total 57856K, used 57742K [0x00000000d0000000, 0x00000000d3880000, 0x00000000e0000000)
  object space 57856K, 99% used [0x00000000d0000000,0x00000000d38638f8,0x00000000d3880000)
Event: 8.990 GC heap after
Heap after GC invocations=13 (full 2):
 PSYoungGen      total 65024K, used 0K [0x00000000f5500000, 0x00000000fbb00000, 0x0000000100000000)
  eden space 40960K, 0% used [0x00000000f5500000,0x00000000f5500000,0x00000000f7d00000)
  from space 24064K, 0% used [0x00000000f7d00000,0x00000000f7d00000,0x00000000f9480000)
  to   space 25600K, 0% used [0x00000000fa200000,0x00000000fa200000,0x00000000fbb00000)
 ParOldGen       total 72192K, used 34848K [0x00000000e0000000, 0x00000000e4680000, 0x00000000f5500000)
  object space 72192K, 48% used [0x00000000e0000000,0x00000000e22082e0,0x00000000e4680000)
 PSPermGen       total 93696K, used 57731K [0x00000000d0000000, 0x00000000d5b80000, 0x00000000e0000000)
  object space 93696K, 61% used [0x00000000d0000000,0x00000000d3860ce8,0x00000000d5b80000)
}
Event: 10.391 GC heap before
{Heap before GC invocations=14 (full 2):
 PSYoungGen      total 65024K, used 40955K [0x00000000f5500000, 0x00000000fbb00000, 0x0000000100000000)
  eden space 40960K, 99% used [0x00000000f5500000,0x00000000f7cfedc0,0x00000000f7d00000)
  from space 24064K, 0% used [0x00000000f7d00000,0x00000000f7d00000,0x00000000f9480000)
  to   space 25600K, 0% used [0x00000000fa200000,0x00000000fa200000,0x00000000fbb00000)
 ParOldGen       total 72192K, used 34848K [0x00000000e0000000, 0x00000000e4680000, 0x00000000f5500000)
  object space 72192K, 48% used [0x00000000e0000000,0x00000000e22082e0,0x00000000e4680000)
 PSPermGen       total 93696K, used 59510K [0x00000000d0000000, 0x00000000d5b80000, 0x00000000e0000000)
  object space 93696K, 63% used [0x00000000d0000000,0x00000000d3a1d9a8,0x00000000d5b80000)
Event: 10.401 GC heap after
Heap after GC invocations=14 (full 2):
 PSYoungGen      total 71680K, used 7898K [0x00000000f5500000, 0x00000000fb680000, 0x0000000100000000)
  eden space 50688K, 0% used [0x00000000f5500000,0x00000000f5500000,0x00000000f8680000)
  from space 20992K, 37% used [0x00000000fa200000,0x00000000fa9b6880,0x00000000fb680000)
  to   space 24576K, 0% used [0x00000000f8680000,0x00000000f8680000,0x00000000f9e80000)
 ParOldGen       total 72192K, used 34848K [0x00000000e0000000, 0x00000000e4680000, 0x00000000f5500000)
  object space 72192K, 48% used [0x00000000e0000000,0x00000000e22082e0,0x00000000e4680000)
 PSPermGen       total 93696K, used 59510K [0x00000000d0000000, 0x00000000d5b80000, 0x00000000e0000000)
  object space 93696K, 63% used [0x00000000d0000000,0x00000000d3a1d9a8,0x00000000d5b80000)
}
Event: 11.995 GC heap before
{Heap before GC invocations=15 (full 2):
 PSYoungGen      total 71680K, used 58586K [0x00000000f5500000, 0x00000000fb680000, 0x0000000100000000)
  eden space 50688K, 100% used [0x00000000f5500000,0x00000000f8680000,0x00000000f8680000)
  from space 20992K, 37% used [0x00000000fa200000,0x00000000fa9b6880,0x00000000fb680000)
  to   space 24576K, 0% used [0x00000000f8680000,0x00000000f8680000,0x00000000f9e80000)
 ParOldGen       total 72192K, used 34848K [0x00000000e0000000, 0x00000000e4680000, 0x00000000f5500000)
  object space 72192K, 48% used [0x00000000e0000000,0x00000000e22082e0,0x00000000e4680000)
 PSPermGen       total 93696K, used 59878K [0x00000000d0000000, 0x00000000d5b80000, 0x00000000e0000000)
  object space 93696K, 63% used [0x00000000d0000000,0x00000000d3a799e0,0x00000000d5b80000)
Event: 12.007 GC heap after
Heap after GC invocations=15 (full 2):
 PSYoungGen      total 75264K, used 11316K [0x00000000f5500000, 0x00000000fbf00000, 0x0000000100000000)
  eden space 50688K, 0% used [0x00000000f5500000,0x00000000f5500000,0x00000000f8680000)
  from space 24576K, 46% used [0x00000000f8680000,0x00000000f918d040,0x00000000f9e80000)
  to   space 23552K, 0% used [0x00000000fa800000,0x00000000fa800000,0x00000000fbf00000)
 ParOldGen       total 72192K, used 34848K [0x00000000e0000000, 0x00000000e4680000, 0x00000000f5500000)
  object space 72192K, 48% used [0x00000000e0000000,0x00000000e22082e0,0x00000000e4680000)
 PSPermGen       total 93696K, used 59878K [0x00000000d0000000, 0x00000000d5b80000, 0x00000000e0000000)
  object space 93696K, 63% used [0x00000000d0000000,0x00000000d3a799e0,0x00000000d5b80000)
}
Event: 13.355 GC heap before
{Heap before GC invocations=16 (full 2):
 PSYoungGen      total 75264K, used 62004K [0x00000000f5500000, 0x00000000fbf00000, 0x0000000100000000)
  eden space 50688K, 100% used [0x00000000f5500000,0x00000000f8680000,0x00000000f8680000)
  from space 24576K, 46% used [0x00000000f8680000,0x00000000f918d040,0x00000000f9e80000)
  to   space 23552K, 0% used [0x00000000fa800000,0x00000000fa800000,0x00000000fbf00000)
 ParOldGen       total 72192K, used 34848K [0x00000000e0000000, 0x00000000e4680000, 0x00000000f5500000)
  object space 72192K, 48% used [0x00000000e0000000,0x00000000e22082e0,0x00000000e4680000)
 PSPermGen       total 93696K, used 60120K [0x00000000d0000000, 0x00000000d5b80000, 0x00000000e0000000)
  object space 93696K, 64% used [0x00000000d0000000,0x00000000d3ab62e8,0x00000000d5b80000)
Event: 13.375 GC heap after
Heap after GC invocations=16 (full 2):
 PSYoungGen      total 83456K, used 18058K [0x00000000f5500000, 0x00000000fc200000, 0x0000000100000000)
  eden space 59904K, 0% used [0x00000000f5500000,0x00000000f5500000,0x00000000f8f80000)
  from space 23552K, 76% used [0x00000000fa800000,0x00000000fb9a2b38,0x00000000fbf00000)
  to   space 25088K, 0% used [0x00000000f8f80000,0x00000000f8f80000,0x00000000fa800000)
 ParOldGen       total 72192K, used 34848K [0x00000000e0000000, 0x00000000e4680000, 0x00000000f5500000)
  object space 72192K, 48% used [0x00000000e0000000,0x00000000e22082e0,0x00000000e4680000)
 PSPermGen       total 93696K, used 60120K [0x00000000d0000000, 0x00000000d5b80000, 0x00000000e0000000)
  object space 93696K, 64% used [0x00000000d0000000,0x00000000d3ab62e8,0x00000000d5b80000)
}
Event: 1819.829 GC heap before
{Heap before GC invocations=17 (full 2):
 PSYoungGen      total 83456K, used 77962K [0x00000000f5500000, 0x00000000fc200000, 0x0000000100000000)
  eden space 59904K, 100% used [0x00000000f5500000,0x00000000f8f80000,0x00000000f8f80000)
  from space 23552K, 76% used [0x00000000fa800000,0x00000000fb9a2b38,0x00000000fbf00000)
  to   space 25088K, 0% used [0x00000000f8f80000,0x00000000f8f80000,0x00000000fa800000)
 ParOldGen       total 72192K, used 34848K [0x00000000e0000000, 0x00000000e4680000, 0x00000000f5500000)
  object space 72192K, 48% used [0x00000000e0000000,0x00000000e22082e0,0x00000000e4680000)
 PSPermGen       total 93696K, used 65203K [0x00000000d0000000, 0x00000000d5b80000, 0x00000000e0000000)
  object space 93696K, 69% used [0x00000000d0000000,0x00000000d3facfe8,0x00000000d5b80000)
Event: 1819.864 GC heap after
Heap after GC invocations=17 (full 2):
 PSYoungGen      total 84992K, used 25073K [0x00000000f5500000, 0x00000000fd180000, 0x0000000100000000)
  eden space 59904K, 0% used [0x00000000f5500000,0x00000000f5500000,0x00000000f8f80000)
  from space 25088K, 99% used [0x00000000f8f80000,0x00000000fa7fc490,0x00000000fa800000)
  to   space 28672K, 0% used [0x00000000fb580000,0x00000000fb580000,0x00000000fd180000)
 ParOldGen       total 72192K, used 35462K [0x00000000e0000000, 0x00000000e4680000, 0x00000000f5500000)
  object space 72192K, 49% used [0x00000000e0000000,0x00000000e22a18a8,0x00000000e4680000)
 PSPermGen       total 93696K, used 65203K [0x00000000d0000000, 0x00000000d5b80000, 0x00000000e0000000)
  object space 93696K, 69% used [0x00000000d0000000,0x00000000d3facfe8,0x00000000d5b80000)
}

